   Info [ 2015/01/03 14:26:41.00000] 300000
   Info [ 2015/01/03 14:26:41.00000] 0
   Info [ 2015/01/03 14:26:41.00000] 0
   Info [ 2015/01/03 14:27:17.00000] 300000
   Info [ 2015/01/03 14:27:17.00000] 0
   Info [ 2015/01/03 14:27:17.00000] 0
   Info [ 2015/01/03 14:27:45.00000] 300000
   Info [ 2015/01/03 14:27:45.00000] 0
   Info [ 2015/01/03 14:27:45.00000] 0
   Info [ 2015/01/03 14:28:01.00000] 300000
   Info [ 2015/01/03 14:28:01.00000] 0
   Info [ 2015/01/03 14:28:01.00000] 0
   Info [ 2015/01/05 13:53:08.00000] 300000
   Info [ 2015/01/05 13:53:08.00000] 0
   Info [ 2015/01/05 13:53:08.00000] 0
   Info [ 2015/01/05 13:53:33.00000] 300000
   Info [ 2015/01/05 13:53:33.00000] 0
   Info [ 2015/01/05 13:53:33.00000] 0
   Info [ 2015/01/05 14:26:26.00000] 300000
   Info [ 2015/01/05 14:26:26.00000] 0
   Info [ 2015/01/05 14:26:26.00000] 0
   Info [ 2015/01/06 13:01:29.00000] 300000
   Info [ 2015/01/06 13:01:29.00000] 0
   Info [ 2015/01/06 13:01:29.00000] 0
   Info [ 2015/01/06 13:01:29.00000] Starting Model 2
   Info [ 2015/01/06 13:01:29.00000] Vertex:GameFiles/Shaders/Shader.vertex
   Info [ 2015/01/06 13:01:29.00000] Fragment: GameFiles/Shaders/Shader.fragment
   Info [ 2015/01/06 13:01:59.00000] 300000
   Info [ 2015/01/06 13:01:59.00000] 0
   Info [ 2015/01/06 13:01:59.00000] 0
   Info [ 2015/01/06 13:01:59.00000] Starting Model 2
   Info [ 2015/01/06 13:01:59.00000] Vertex:GameFiles/Shaders/Shader.vertex
   Info [ 2015/01/06 13:01:59.00000] Fragment: GameFiles/Shaders/Shader.fragment
   Info [ 2015/01/06 13:54:27.00000] 0
   Info [ 2015/01/06 13:54:27.00000] 0
   Info [ 2015/01/06 13:54:27.00000] 0
   Info [ 2015/01/06 13:54:27.00000] 3
   Info [ 2015/01/06 13:54:27.00000] Tester
   Info [ 2015/01/06 13:55:26.00000] 300000
   Info [ 2015/01/06 13:55:26.00000] 0
   Info [ 2015/01/06 13:55:26.00000] 0
   Info [ 2015/01/06 13:55:26.00000] 3
   Info [ 2015/01/06 13:55:26.00000] Tester
   Info [ 2015/01/06 13:56:04.00000] 300000
   Info [ 2015/01/06 13:56:04.00000] 0
   Info [ 2015/01/06 13:56:04.00000] 0
   Info [ 2015/01/06 13:56:04.00000] 3
   Info [ 2015/01/06 13:56:04.00000] Tester
   Info [ 2015/01/06 13:59:21.00000] 300000
   Info [ 2015/01/06 13:59:21.00000] 0
   Info [ 2015/01/06 13:59:21.00000] 0
   Info [ 2015/01/06 13:59:21.00000] 3
   Info [ 2015/01/06 13:59:21.00000] Tester
   Info [ 2015/01/06 14:00:08.00000] 300000
   Info [ 2015/01/06 14:00:08.00000] 0
   Info [ 2015/01/06 14:00:08.00000] 0
   Info [ 2015/01/06 14:00:08.00000] 3
   Info [ 2015/01/06 14:00:08.00000] Tester
   Info [ 2015/01/06 14:00:08.00000] Starting Model 2
   Info [ 2015/01/06 14:00:08.00000] Vertex:GameFiles/Shaders/Shader.vertex
   Info [ 2015/01/06 14:00:08.00000] Fragment: GameFiles/Shaders/Shader.fragment
   Info [ 2015/01/06 14:03:09.00000] 300000
   Info [ 2015/01/06 14:03:09.00000] 0
   Info [ 2015/01/06 14:03:09.00000] 0
   Info [ 2015/01/06 14:03:09.00000] Starting Model 2
   Info [ 2015/01/06 14:03:09.00000] Vertex:GameFiles/Shaders/Shader.vertex
   Info [ 2015/01/06 14:03:09.00000] Fragment: GameFiles/Shaders/Shader.fragment
   Info [ 2015/01/06 14:06:44.00000] 300000
   Info [ 2015/01/06 14:06:44.00000] 0
   Info [ 2015/01/06 14:06:44.00000] 0
   Info [ 2015/01/06 14:06:44.00000] Starting Model 2
   Info [ 2015/01/06 14:06:44.00000] Vertex:GameFiles/Shaders/Shader.vertex
   Info [ 2015/01/06 14:06:44.00000] Fragment: GameFiles/Shaders/Shader.fragment
   Info [ 2015/01/06 14:07:14.00000] 300000
   Info [ 2015/01/06 14:07:14.00000] 0
   Info [ 2015/01/06 14:07:14.00000] 0
   Info [ 2015/01/06 14:07:14.00000] Starting Model 2
   Info [ 2015/01/06 14:07:14.00000] Vertex:GameFiles/Shaders/Shader.vertex
   Info [ 2015/01/06 14:07:14.00000] Fragment: GameFiles/Shaders/Shader.fragment
   Info [ 2015/01/06 14:08:03.00000] 300000
   Info [ 2015/01/06 14:08:03.00000] 0
   Info [ 2015/01/06 14:08:03.00000] 0
   Info [ 2015/01/06 14:08:03.00000] Starting Model 2
   Info [ 2015/01/06 14:08:03.00000] Vertex:GameFiles/Shaders/Shader.vertex
   Info [ 2015/01/06 14:08:03.00000] Fragment: GameFiles/Shaders/Shader.fragment
   Info [ 2015/01/06 14:08:26.00000] 300000
   Info [ 2015/01/06 14:08:26.00000] 0
   Info [ 2015/01/06 14:08:26.00000] 0
   Info [ 2015/01/06 14:08:26.00000] Starting Model 2
   Info [ 2015/01/06 14:08:26.00000] Vertex:GameFiles/Shaders/Shader.vertex
   Info [ 2015/01/06 14:08:26.00000] Fragment: GameFiles/Shaders/Shader.fragment
   Info [ 2015/01/06 14:09:05.00000] 300000
   Info [ 2015/01/06 14:09:05.00000] 0
   Info [ 2015/01/06 14:09:05.00000] 0
   Info [ 2015/01/06 14:09:05.00000] Starting Model 2
   Info [ 2015/01/06 14:09:05.00000] Vertex:GameFiles/Shaders/Shader.vertex
   Info [ 2015/01/06 14:09:05.00000] Fragment: GameFiles/Shaders/Shader.fragment
   Info [ 2015/01/06 14:09:54.00000] 300000
   Info [ 2015/01/06 14:09:54.00000] 0
   Info [ 2015/01/06 14:09:54.00000] 0
   Info [ 2015/01/06 14:09:54.00000] Starting Model 2
   Info [ 2015/01/06 14:09:54.00000] Vertex:GameFiles/Shaders/Shader.vertex
   Info [ 2015/01/06 14:09:54.00000] Fragment: GameFiles/Shaders/Shader.fragment
